Determining size of off64_t failed with the following output:
Change Dir: /home/evgenij/Downloads/minizip-ng-master/CMakeFiles/CMakeTmp

Run Build Command(s):/usr/bin/make cmTC_5b939/fast && /usr/bin/make -f CMakeFiles/cmTC_5b939.dir/build.make CMakeFiles/cmTC_5b939.dir/build
make[1]: Entering directory '/home/evgenij/Downloads/minizip-ng-master/CMakeFiles/CMakeTmp'
Building C object CMakeFiles/cmTC_5b939.dir/OFF64_T.c.o
/usr/bin/cc    -o CMakeFiles/cmTC_5b939.dir/OFF64_T.c.o   -c /home/evgenij/Downloads/minizip-ng-master/CMakeFiles/CheckTypeSize/OFF64_T.c
/home/evgenij/Downloads/minizip-ng-master/CMakeFiles/CheckTypeSize/OFF64_T.c:23:22: error: ‘off64_t’ undeclared here (not in a function); did you mean ‘off_t’?
   23 | #define SIZE (sizeof(off64_t))
      |                      ^~~~~~~
/home/evgenij/Downloads/minizip-ng-master/CMakeFiles/CheckTypeSize/OFF64_T.c:25:12: note: in expansion of macro ‘SIZE’
   25 |   ('0' + ((SIZE / 10000)%10)),
      |            ^~~~
make[1]: *** [CMakeFiles/cmTC_5b939.dir/build.make:66: CMakeFiles/cmTC_5b939.dir/OFF64_T.c.o] Error 1
make[1]: Leaving directory '/home/evgenij/Downloads/minizip-ng-master/CMakeFiles/CMakeTmp'
make: *** [Makefile:121: cmTC_5b939/fast] Error 2


/home/evgenij/Downloads/minizip-ng-master/CMakeFiles/CheckTypeSize/OFF64_T.c:
#include <sys/types.h>
#include <stdint.h>
#include <stddef.h>


#undef KEY
#if defined(__i386)
# define KEY '_','_','i','3','8','6'
#elif defined(__x86_64)
# define KEY '_','_','x','8','6','_','6','4'
#elif defined(__ppc__)
# define KEY '_','_','p','p','c','_','_'
#elif defined(__ppc64__)
# define KEY '_','_','p','p','c','6','4','_','_'
#elif defined(__aarch64__)
# define KEY '_','_','a','a','r','c','h','6','4','_','_'
#elif defined(__ARM_ARCH_7A__)
# define KEY '_','_','A','R','M','_','A','R','C','H','_','7','A','_','_'
#elif defined(__ARM_ARCH_7S__)
# define KEY '_','_','A','R','M','_','A','R','C','H','_','7','S','_','_'
#endif

#define SIZE (sizeof(off64_t))
static char info_size[] =  {'I', 'N', 'F', 'O', ':', 's','i','z','e','[',
  ('0' + ((SIZE / 10000)%10)),
  ('0' + ((SIZE / 1000)%10)),
  ('0' + ((SIZE / 100)%10)),
  ('0' + ((SIZE / 10)%10)),
  ('0' +  (SIZE    % 10)),
  ']',
#ifdef KEY
  ' ','k','e','y','[', KEY, ']',
#endif
  '\0'};

#ifdef __CLASSIC_C__
int main(argc, argv) int argc; char *argv[];
#else
int main(int argc, char *argv[])
#endif
{
  int require = 0;
  require += info_size[argc];
  (void)argv;
  return require;
}


Determining if the arc4random_buf exist failed with the following output:
Change Dir: /home/evgenij/Downloads/minizip-ng-master/CMakeFiles/CMakeTmp

Run Build Command(s):/usr/bin/make cmTC_4ad71/fast && /usr/bin/make -f CMakeFiles/cmTC_4ad71.dir/build.make CMakeFiles/cmTC_4ad71.dir/build
make[1]: Entering directory '/home/evgenij/Downloads/minizip-ng-master/CMakeFiles/CMakeTmp'
Building C object CMakeFiles/cmTC_4ad71.dir/CheckSymbolExists.c.o
/usr/bin/cc    -o CMakeFiles/cmTC_4ad71.dir/CheckSymbolExists.c.o   -c /home/evgenij/Downloads/minizip-ng-master/CMakeFiles/CMakeTmp/CheckSymbolExists.c
/home/evgenij/Downloads/minizip-ng-master/CMakeFiles/CMakeTmp/CheckSymbolExists.c: In function ‘main’:
/home/evgenij/Downloads/minizip-ng-master/CMakeFiles/CMakeTmp/CheckSymbolExists.c:8:19: error: ‘arc4random_buf’ undeclared (first use in this function)
    8 |   return ((int*)(&arc4random_buf))[argc];
      |                   ^~~~~~~~~~~~~~
/home/evgenij/Downloads/minizip-ng-master/CMakeFiles/CMakeTmp/CheckSymbolExists.c:8:19: note: each undeclared identifier is reported only once for each function it appears in
make[1]: *** [CMakeFiles/cmTC_4ad71.dir/build.make:66: CMakeFiles/cmTC_4ad71.dir/CheckSymbolExists.c.o] Error 1
make[1]: Leaving directory '/home/evgenij/Downloads/minizip-ng-master/CMakeFiles/CMakeTmp'
make: *** [Makefile:121: cmTC_4ad71/fast] Error 2


File /home/evgenij/Downloads/minizip-ng-master/CMakeFiles/CMakeTmp/CheckSymbolExists.c:
/* */
#include <stdlib.h>

int main(int argc, char** argv)
{
  (void)argv;
#ifndef arc4random_buf
  return ((int*)(&arc4random_buf))[argc];
#else
  (void)argc;
  return 0;
#endif
}
Determining if the arc4random exist failed with the following output:
Change Dir: /home/evgenij/Downloads/minizip-ng-master/CMakeFiles/CMakeTmp

Run Build Command(s):/usr/bin/make cmTC_41447/fast && /usr/bin/make -f CMakeFiles/cmTC_41447.dir/build.make CMakeFiles/cmTC_41447.dir/build
make[1]: Entering directory '/home/evgenij/Downloads/minizip-ng-master/CMakeFiles/CMakeTmp'
Building C object CMakeFiles/cmTC_41447.dir/CheckSymbolExists.c.o
/usr/bin/cc    -o CMakeFiles/cmTC_41447.dir/CheckSymbolExists.c.o   -c /home/evgenij/Downloads/minizip-ng-master/CMakeFiles/CMakeTmp/CheckSymbolExists.c
/home/evgenij/Downloads/minizip-ng-master/CMakeFiles/CMakeTmp/CheckSymbolExists.c: In function ‘main’:
/home/evgenij/Downloads/minizip-ng-master/CMakeFiles/CMakeTmp/CheckSymbolExists.c:8:19: error: ‘arc4random’ undeclared (first use in this function); did you mean ‘srandom’?
    8 |   return ((int*)(&arc4random))[argc];
      |                   ^~~~~~~~~~
      |                   srandom
/home/evgenij/Downloads/minizip-ng-master/CMakeFiles/CMakeTmp/CheckSymbolExists.c:8:19: note: each undeclared identifier is reported only once for each function it appears in
make[1]: *** [CMakeFiles/cmTC_41447.dir/build.make:66: CMakeFiles/cmTC_41447.dir/CheckSymbolExists.c.o] Error 1
make[1]: Leaving directory '/home/evgenij/Downloads/minizip-ng-master/CMakeFiles/CMakeTmp'
make: *** [Makefile:121: cmTC_41447/fast] Error 2


File /home/evgenij/Downloads/minizip-ng-master/CMakeFiles/CMakeTmp/CheckSymbolExists.c:
/* */
#include <stdlib.h>

int main(int argc, char** argv)
{
  (void)argv;
#ifndef arc4random
  return ((int*)(&arc4random))[argc];
#else
  (void)argc;
  return 0;
#endif
}
